[2m12:53:50 AM[22m [31m[1m[vite][22m[39m [31mInternal server error: [postcss] D:/websites/Times/src/styles.css:270:3: Unknown word margin-top-[39m
  Plugin: [35mvite:css[39m
  File: [36mD:/websites/Times/src/styles.css[39m:270:2
[33m  268 |    color: var(--muted);
  269 |    font-size: 1.05rem;
  270 |    margin-top-
      |    ^
  271 |  }
  272 |  [39m
      at Input.error (D:\websites\Times\node_modules\postcss\lib\input.js:135:16)
      at Parser.unknownWord (D:\websites\Times\node_modules\postcss\lib\parser.js:602:22)
      at Parser.other (D:\websites\Times\node_modules\postcss\lib\parser.js:444:12)
      at Parser.parse (D:\websites\Times\node_modules\postcss\lib\parser.js:479:16)
      at parse (D:\websites\Times\node_modules\postcss\lib\parse.js:11:12)
      at new LazyResult (D:\websites\Times\node_modules\postcss\lib\lazy-result.js:165:16)
      at Processor.process (D:\websites\Times\node_modules\postcss\lib\processor.js:53:14)
      at runPostCSS (file:///D:/websites/Times/node_modules/vite/dist/node/chunks/config.js:30165:68)
      at async compilePostCSS (file:///D:/websites/Times/node_modules/vite/dist/node/chunks/config.js:30149:6)
      at async compileCSS (file:///D:/websites/Times/node_modules/vite/dist/node/chunks/config.js:30079:26)
[2m12:53:50 AM[22m [31m[1m[vite][22m[39m [31mInternal server error: [postcss] D:/websites/Times/src/styles.css:270:3: Unknown word margin-top-[39m
  Plugin: [35mvite:css[39m
  File: [36mD:/websites/Times/src/styles.css[39m:270:2
[33m  268 |    color: var(--muted);
  269 |    font-size: 1.05rem;
  270 |    margin-top-
      |    ^
  271 |  }
  272 |  [39m
      at Input.error (D:\websites\Times\node_modules\postcss\lib\input.js:135:16)
      at Parser.unknownWord (D:\websites\Times\node_modules\postcss\lib\parser.js:602:22)
      at Parser.other (D:\websites\Times\node_modules\postcss\lib\parser.js:444:12)
      at Parser.parse (D:\websites\Times\node_modules\postcss\lib\parser.js:479:16)
      at parse (D:\websites\Times\node_modules\postcss\lib\parse.js:11:12)
      at new LazyResult (D:\websites\Times\node_modules\postcss\lib\lazy-result.js:165:16)
      at Processor.process (D:\websites\Times\node_modules\postcss\lib\processor.js:53:14)
      at runPostCSS (file:///D:/websites/Times/node_modules/vite/dist/node/chunks/config.js:30165:68)
      at async compilePostCSS (file:///D:/websites/Times/node_modules/vite/dist/node/chunks/config.js:30149:6)
      at async compileCSS (file:///D:/websites/Times/node_modules/vite/dist/node/chunks/config.js:30079:26)
